<?xml version="1.0" encoding="UTF-8"?>
<!-- Generated by org.testng.reporters.JUnitXMLReporter -->
<testsuite ignored="0" hostname="Abhay-PC" failures="0" tests="4" name="Test" time="97.46" errors="0" timestamp="2022-10-19T09:19:25 PDT">
  <testcase classname="ParellelExecution.Parellel2" name="launchBrowserWithGoogle" time="39.106"/>
  <testcase classname="ParellelExecution.ParellelExecution" name="launchBrowserWithNewTours" time="45.932"/>
  <testcase classname="ParellelExecution.Parellel2" name="launchBrowserWithAmazon" time="47.903"/>
  <testcase classname="ParellelExecution.ParellelExecution" name="launchBrowserWithFlipkart" time="97.277"/>
</testsuite> <!-- Test -->
